2015-08-13 10:58:53,229 DEBUG t.m.LoadConfigsServlet -    test debug message.
2015-08-13 10:58:53,236 INFO  t.m.LoadConfigsServlet -    test info message.
2015-08-13 10:58:53,237 WARN  t.m.LoadConfigsServlet -    test warn message.
2015-08-13 10:58:53,237 ERROR t.m.LoadConfigsServlet -    test error message.
2015-08-13 11:09:23,890 DEBUG t.m.LoadConfigsServlet -    test debug message.
2015-08-13 11:09:23,895 INFO  t.m.LoadConfigsServlet -    test info message.
2015-08-13 11:09:23,896 WARN  t.m.LoadConfigsServlet -    test warn message.
2015-08-13 11:09:23,896 ERROR t.m.LoadConfigsServlet -    test error message.
2015-08-13 11:09:38,435 DEBUG t.m.LoadConfigsServlet -    test debug message.
2015-08-13 11:09:38,437 INFO  t.m.LoadConfigsServlet -    test info message.
2015-08-13 11:09:38,437 WARN  t.m.LoadConfigsServlet -    test warn message.
2015-08-13 11:09:38,437 ERROR t.m.LoadConfigsServlet -    test error message.
2015-08-13 11:14:28,951 DEBUG t.m.LoadConfigsServlet -    test debug message.
2015-08-13 11:14:28,953 INFO  t.m.LoadConfigsServlet -    test info message.
2015-08-13 11:14:28,953 WARN  t.m.LoadConfigsServlet -    test warn message.
2015-08-13 11:14:28,953 ERROR t.m.LoadConfigsServlet -    test error message.
2015-08-13 11:15:09,777 INFO  t.b.LoginServlet - Login invoked for account null
2015-08-13 11:15:09,792 INFO  c.d.u.UiModule - UiModule.getAlternativeUrl(module=null, url=/servlet/tooltwist.basic.LoginDirector?op=login)
2015-08-13 11:15:10,048 DEBUG c.d.u.i.UiConfigInternal - Ui definitions loaded
2015-08-13 11:15:10,057 DEBUG t.b.LoginDirector - Name : JSESSIONID
2015-08-13 11:15:10,057 DEBUG t.b.LoginDirector - Value: BD110F6C0E98F686CAA5C5185DCE8B59
2015-08-13 11:15:10,057 DEBUG t.b.LoginDirector - Mozilla/5.0 (Macintosh; Intel Mac OS X 10_10_4) AppleWebKit/537.36 (KHTML, like Gecko) Chrome/44.0.2403.130 Safari/537.36
2015-08-13 11:15:11,349 INFO  c.d.u.UiModule - UiModule.getAlternativeUrl(module=tooltwist.basic.LoginDirector, url=tooltwist/basic/loginLogo.png)
2015-08-13 11:15:11,349 INFO  c.d.u.i.ModuleType - Checking url mappings for UIM=ALL: (preference order=application):
2015-08-13 11:15:11,349 INFO  c.d.u.i.ModuleType -  check [tooltwist/basic/loginLogo.png -> ttStd/ttStd/images/loginLogo.png]  (application=ttWebsite):
2015-08-13 11:15:11,349 INFO  c.d.u.i.ModuleType -  -> application=null (expect ttWebsite)
2015-08-13 11:15:11,349 INFO  c.d.u.i.ModuleType -  -> matched nothing, score=A
2015-08-13 11:15:11,350 INFO  c.d.u.i.ModuleType - No alternate UI found
2015-08-13 11:15:21,792 INFO  t.b.LoginServlet - Login invoked for account null
2015-08-13 11:15:21,792 INFO  c.d.u.UiModule - UiModule.getAlternativeUrl(module=null, url=/servlet/tooltwist.basic.LoginDirector?op=login)
2015-08-13 11:15:21,794 DEBUG t.b.LoginDirector - Name : JSESSIONID
2015-08-13 11:15:21,794 DEBUG t.b.LoginDirector - Value: 961F4191369EC26643A15715E591AF5D
2015-08-13 11:15:21,794 DEBUG t.b.LoginDirector - Mozilla/5.0 (Macintosh; Intel Mac OS X 10_10_4) AppleWebKit/537.36 (KHTML, like Gecko) Chrome/44.0.2403.130 Safari/537.36
2015-08-13 11:15:21,795 INFO  c.d.u.UiModule - UiModule.getAlternativeUrl(module=tooltwist.basic.LoginDirector, url=tooltwist/basic/loginLogo.png)
2015-08-13 11:15:21,795 INFO  c.d.u.i.ModuleType - Checking url mappings for UIM=ALL: (preference order=application):
2015-08-13 11:15:21,795 INFO  c.d.u.i.ModuleType -  check [tooltwist/basic/loginLogo.png -> ttStd/ttStd/images/loginLogo.png]  (application=ttWebsite):
2015-08-13 11:15:21,795 INFO  c.d.u.i.ModuleType -  -> application=null (expect ttWebsite)
2015-08-13 11:15:21,795 INFO  c.d.u.i.ModuleType -  -> matched nothing, score=A
2015-08-13 11:15:21,795 INFO  c.d.u.i.ModuleType - No alternate UI found
